<?xml version="1.0" encoding="UTF-8"?>
<testsuite name="TestUsers" tests="4" skipped="0" failures="0" errors="0" timestamp="2021-07-16T15:42:24" hostname="LAPTOP-D0LCGE5F" time="0.049">
  <properties/>
  <testcase name="birthdayTest()" classname="TestUsers" time="0.035"/>
  <testcase name="loginTest()" classname="TestUsers" time="0.001"/>
  <testcase name="passwordTest()" classname="TestUsers" time="0.004"/>
  <testcase name="fullNameTest()" classname="TestUsers" time="0.003"/>
  <system-out><![CDATA[]]></system-out>
  <system-err><![CDATA[]]></system-err>
</testsuite>
