<?xml version="1.0" encoding="UTF-8"?>
<testsuite name="CalculatorTest" tests="1" skipped="0" failures="0" errors="0" timestamp="2021-07-03T19:15:48" hostname="LAPTOP-D0LCGE5F" time="0.015">
  <properties/>
  <testcase name="testAddition()" classname="CalculatorTest" time="0.015"/>
  <system-out><![CDATA[]]></system-out>
  <system-err><![CDATA[]]></system-err>
</testsuite>
