<?xml version="1.0" encoding="UTF-8"?>
<testsuite name="UserTests" tests="1" skipped="0" failures="0" errors="0" timestamp="2021-07-11T14:18:09" hostname="LAPTOP-D0LCGE5F" time="0.015">
  <properties/>
  <testcase name="method1()" classname="UserTests" time="0.015"/>
  <system-out><![CDATA[[Address: null, null, null, 0, Address: null, null, null, 0, Address: null, null, null, 0, Address: null, null, null, 0, Address: null, null, null, 0, Address: null, null, null, 0, Address: null, null, null, 0, Address: null, null, null, 0, Address: null, null, null, 0, Address: null, null, null, 0]
]]></system-out>
  <system-err><![CDATA[]]></system-err>
</testsuite>
