<?xml version="1.0" encoding="UTF-8"?>
<testsuite name="petstore.api.StoreApiTest" tests="6" skipped="0" failures="0" errors="0" timestamp="2021-07-31T17:41:17" hostname="LAPTOP-D0LCGE5F" time="8.212">
  <properties/>
  <testcase name="shouldSee200AfterPlaceOrder" classname="petstore.api.StoreApiTest" time="2.282"/>
  <testcase name="shouldSee200AfterGetInventory" classname="petstore.api.StoreApiTest" time="1.248"/>
  <testcase name="shouldSee404AfterDeleteOrder" classname="petstore.api.StoreApiTest" time="0.814"/>
  <testcase name="shouldSee200AfterDeleteOrder" classname="petstore.api.StoreApiTest" time="1.549"/>
  <testcase name="shouldSee404AfterGetOrderById" classname="petstore.api.StoreApiTest" time="0.772"/>
  <testcase name="shouldSee200AfterGetOrderById" classname="petstore.api.StoreApiTest" time="1.546"/>
  <system-out><![CDATA[HTTP/1.1 200 OK
Date: Sat, 31 Jul 2021 17:41:19 GMT
Content-Type: application/json
Transfer-Encoding: chunked
Connection: keep-alive
Access-Control-Allow-Origin: *
Access-Control-Allow-Methods: GET, POST, DELETE, PUT
Access-Control-Allow-Headers: Content-Type, api_key, Authorization
Server: Jetty(9.2.9.v20150224)

{
    "id": 9223372036854775807,
    "petId": 3000832771044946503,
    "quantity": 0,
    "shipDate": "2021-07-22T18:21:10.129+0000",
    "status": "approved",
    "complete": true
}
class Order {
    id: 9223372036854775807
    petId: 3000832771044946503
    quantity: 0
    shipDate: 2021-07-22T18:21:10.129Z
    status: approved
    complete: true
}
class Order {
    id: 9223372036854775807
    petId: 3000832771044946503
    quantity: 0
    shipDate: 2021-07-22T18:21:10.129Z
    status: approved
    complete: true
}
HTTP/1.1 200 OK
Date: Sat, 31 Jul 2021 17:41:20 GMT
Content-Type: application/json
Transfer-Encoding: chunked
Connection: keep-alive
Access-Control-Allow-Origin: *
Access-Control-Allow-Methods: GET, POST, DELETE, PUT
Access-Control-Allow-Headers: Content-Type, api_key, Authorization
Server: Jetty(9.2.9.v20150224)

{
    "sold": 18,
    "sfsfsfsfs": 1,
    "123534": 1,
    "$$^$  ": 1,
    "string": 191,
    "pending": 12,
    "available": 752,
    "14234": 1,
    "SUP": 1
}
HTTP/1.1 404 Not Found
Date: Sat, 31 Jul 2021 17:41:21 GMT
Content-Type: application/json
Transfer-Encoding: chunked
Connection: keep-alive
Access-Control-Allow-Origin: *
Access-Control-Allow-Methods: GET, POST, DELETE, PUT
Access-Control-Allow-Headers: Content-Type, api_key, Authorization
Server: Jetty(9.2.9.v20150224)

{
    "code": 404,
    "type": "unknown",
    "message": "Order Not Found"
}
HTTP/1.1 404 Not Found
Date: Sat, 31 Jul 2021 17:41:21 GMT
Content-Type: application/json
Transfer-Encoding: chunked
Connection: keep-alive
Access-Control-Allow-Origin: *
Access-Control-Allow-Methods: GET, POST, DELETE, PUT
Access-Control-Allow-Headers: Content-Type, api_key, Authorization
Server: Jetty(9.2.9.v20150224)

{
    "code": 404,
    "type": "unknown",
    "message": "Order Not Found"
}
HTTP/1.1 200 OK
Date: Sat, 31 Jul 2021 17:41:22 GMT
Content-Type: application/json
Transfer-Encoding: chunked
Connection: keep-alive
Access-Control-Allow-Origin: *
Access-Control-Allow-Methods: GET, POST, DELETE, PUT
Access-Control-Allow-Headers: Content-Type, api_key, Authorization
Server: Jetty(9.2.9.v20150224)

{
    "id": 9223372036854775807,
    "petId": 7438837153651211522,
    "quantity": 0,
    "shipDate": "2021-07-22T18:21:10.129+0000",
    "status": "approved",
    "complete": true
}
HTTP/1.1 200 OK
Date: Sat, 31 Jul 2021 17:41:22 GMT
Content-Type: application/json
Transfer-Encoding: chunked
Connection: keep-alive
Access-Control-Allow-Origin: *
Access-Control-Allow-Methods: GET, POST, DELETE, PUT
Access-Control-Allow-Headers: Content-Type, api_key, Authorization
Server: Jetty(9.2.9.v20150224)

{
    "code": 200,
    "type": "unknown",
    "message": "9223372036854775807"
}
9223372036854775807
9223372036854775807
HTTP/1.1 404 Not Found
Date: Sat, 31 Jul 2021 17:41:23 GMT
Content-Type: application/json
Transfer-Encoding: chunked
Connection: keep-alive
Access-Control-Allow-Origin: *
Access-Control-Allow-Methods: GET, POST, DELETE, PUT
Access-Control-Allow-Headers: Content-Type, api_key, Authorization
Server: Jetty(9.2.9.v20150224)

{
    "code": 1,
    "type": "error",
    "message": "Order not found"
}
HTTP/1.1 404 Not Found
Date: Sat, 31 Jul 2021 17:41:23 GMT
Content-Type: application/json
Transfer-Encoding: chunked
Connection: keep-alive
Access-Control-Allow-Origin: *
Access-Control-Allow-Methods: GET, POST, DELETE, PUT
Access-Control-Allow-Headers: Content-Type, api_key, Authorization
Server: Jetty(9.2.9.v20150224)

{
    "code": 1,
    "type": "error",
    "message": "Order not found"
}
HTTP/1.1 200 OK
Date: Sat, 31 Jul 2021 17:41:24 GMT
Content-Type: application/json
Transfer-Encoding: chunked
Connection: keep-alive
Access-Control-Allow-Origin: *
Access-Control-Allow-Methods: GET, POST, DELETE, PUT
Access-Control-Allow-Headers: Content-Type, api_key, Authorization
Server: Jetty(9.2.9.v20150224)

{
    "id": 9223372036854775807,
    "petId": 3525919203029480321,
    "quantity": 0,
    "shipDate": "2021-07-22T18:21:10.129+0000",
    "status": "approved",
    "complete": true
}
HTTP/1.1 200 OK
Date: Sat, 31 Jul 2021 17:41:25 GMT
Content-Type: application/json
Transfer-Encoding: chunked
Connection: close
Access-Control-Allow-Origin: *
Access-Control-Allow-Methods: GET, POST, DELETE, PUT
Access-Control-Allow-Headers: Content-Type, api_key, Authorization
Server: Jetty(9.2.9.v20150224)

{
    "id": 9223372036854775807,
    "petId": 3525919203029480321,
    "quantity": 0,
    "shipDate": "2021-07-22T18:21:10.129+0000",
    "status": "approved",
    "complete": true
}
class Order {
    id: 9223372036854775807
    petId: 3525919203029480321
    quantity: 0
    shipDate: 2021-07-22T18:21:10.129Z
    status: approved
    complete: true
}
class Order {
    id: 9223372036854775807
    petId: 3525919203029480321
    quantity: 0
    shipDate: 2021-07-22T18:21:10.129Z
    status: approved
    complete: true
}
]]></system-out>
  <system-err><![CDATA[]]></system-err>
</testsuite>
