<?xml version="1.0" encoding="UTF-8"?>
<testsuite name="webDriverTests.WebDriverTests" tests="1" skipped="0" failures="0" errors="0" timestamp="2021-09-08T13:42:08" hostname="LAPTOP-D0LCGE5F" time="13.986">
  <properties/>
  <testcase name="webDriverChromeTest()" classname="webDriverTests.WebDriverTests" time="13.986"/>
  <system-out><![CDATA[]]></system-out>
  <system-err><![CDATA[Starting ChromeDriver 93.0.4577.15 (660fc11082ba57405eca2e8c49c3e1af756fbfae-refs/branch-heads/4577@{#203}) on port 11641
Only local connections are allowed.
Please see https://chromedriver.chromium.org/security-considerations for suggestions on keeping ChromeDriver safe.
ChromeDriver was started successfully.
сент. 08, 2021 4:42:09 PM org.openqa.selenium.remote.ProtocolHandshake createSession
INFO: Detected dialect: W3C
]]></system-err>
</testsuite>
