<?xml version="1.0" encoding="UTF-8"?>
<testsuite name="petstoreApiTests.PetTests" tests="1" skipped="0" failures="0" errors="0" timestamp="2021-07-25T11:17:05" hostname="LAPTOP-D0LCGE5F" time="2.763">
  <properties/>
  <testcase name="deletePetTest()" classname="petstoreApiTests.PetTests" time="2.763"/>
  <system-out><![CDATA[Request method:	GET
Request URI:	http://petstore.swagger.io/v2/pet/159
Proxy:			<none>
Request params:	<none>
Query params:	<none>
Form params:	<none>
Path params:	<none>
Headers:		Accept=*/*
Cookies:		<none>
Multiparts:		<none>
Body:			<none>
{"code":1,"type":"error","message":"Pet not found"}
]]></system-out>
  <system-err><![CDATA[]]></system-err>
</testsuite>
