<?xml version="1.0" encoding="UTF-8"?>
<testsuite name="petstoreApiTests.PetTests" tests="1" skipped="0" failures="0" errors="0" timestamp="2021-07-25T09:44:44" hostname="LAPTOP-D0LCGE5F" time="3.838">
  <properties/>
  <testcase name="deletePetTest()" classname="petstoreApiTests.PetTests" time="3.838"/>
  <system-out><![CDATA[Request method:	GET
Request URI:	http://petstore.swagger.io/v2/pet/159
Proxy:			<none>
Request params:	<none>
Query params:	<none>
Form params:	<none>
Path params:	<none>
Headers:		Accept=*/*
Cookies:		<none>
Multiparts:		<none>
Body:			<none>
{"id":159,"category":{"id":1,"name":"Dogs"},"name":"Tuzik","photoUrls":["https://dogdiary.ru/wp-content/uploads/2018/07/shhenok-zolotistogo-retrivera.jpg"],"tags":[{"id":6,"name":"6"}],"status":"SOLD"}
]]></system-out>
  <system-err><![CDATA[]]></system-err>
</testsuite>
