<?xml version="1.0" encoding="UTF-8"?>
<testsuite name="TestUser" tests="1" skipped="0" failures="0" errors="0" timestamp="2021-07-25T16:00:09" hostname="LAPTOP-D0LCGE5F" time="0.558">
  <properties/>
  <testcase name="TestWithXStreamForList()" classname="TestUser" time="0.558"/>
  <system-out><![CDATA[[User{Petrov Ivan Vladimirovich, birthday: 1999-05-10, registration date: 2021-07-25T19:00:09, login: GVhuYg, password: J0qThq', User{Ivanov Andrey Makarovich, birthday: 1997-02-13, registration date: 2021-07-25T19:00:09, login: lWHbmf, password: f1nzAA&, User{Sidorov Maxim Ivanovich, birthday: 2009-04-19, registration date: 2021-07-25T19:00:09, login: JcfEHC, password: K598Ba~]
[User{Petrov Ivan Vladimirovich, birthday: 1999-05-10, registration date: 2021-07-25T19:00:09, login: GVhuYg, password: J0qThq', User{Ivanov Andrey Makarovich, birthday: 1997-02-13, registration date: 2021-07-25T19:00:09, login: lWHbmf, password: f1nzAA&, User{Sidorov Maxim Ivanovich, birthday: 2009-04-19, registration date: 2021-07-25T19:00:09, login: JcfEHC, password: K598Ba~]
]]></system-out>
  <system-err><![CDATA[]]></system-err>
</testsuite>
